<?xml version="1.0" encoding="UTF-8"?>
<dataset>
    <USER ID="1" USERNAME="testuser" PASSWORD="userpass"
          EMAIL="test@dsuruagy.com" FIRST_NAME="Testing"
          LAST_NAME="User"/>
    <WISH_LIST ID="1" NAME="Wishlist test" DESCRIPTION="A DBUnit wishlist test"
               DATE_CREATED="2021-01-01 00:00:00" USER_ID="1"/>
</dataset>